<?xml version="1.0" encoding="UTF-8"?>
<!-- Generated by org.testng.reporters.JUnitXMLReporter -->
<testsuite hostname="DESKTOP-UK609T5" name="Test" tests="4" failures="2" timestamp="13 Apr 2021 15:56:37 GMT" time="5.415" errors="0">
  <testcase name="verifyAllEmployeesGetStatusCode" time="2.325" classname="dummy.rest.Testdummyrestapi">
    <failure type="java.lang.AssertionError" message="expected [200] but found [429]">
      <![CDATA[java.lang.AssertionError: expected [200] but found [429]
	at dummy.rest.Testdummyrestapi.verifyAllEmployeesGetStatusCode(Testdummyrestapi.java:16)
... Removed 29 stack frames]]>
    </failure>
  </testcase> <!-- verifyAllEmployeesGetStatusCode -->
  <testcase name="verifyEmployeeDeleteStatusCode" time="0.605" classname="dummy.rest.Testdummyrestapi">
    <failure type="java.lang.AssertionError" message="expected [200] but found [404]">
      <![CDATA[java.lang.AssertionError: expected [200] but found [404]
	at dummy.rest.Testdummyrestapi.verifyEmployeeDeleteStatusCode(Testdummyrestapi.java:31)
... Removed 29 stack frames]]>
    </failure>
  </testcase> <!-- verifyEmployeeDeleteStatusCode -->
  <testcase name="verifySingleEmployeeGetStatusCode" time="0.71" classname="dummy.rest.Testdummyrestapi"/>
  <testcase name="verifySpecificEmployeeDetails" time="1.747" classname="dummy.rest.Testdummyrestapi"/>
</testsuite> <!-- Test -->
